<?xml version="1.0" encoding="UTF-8"?>
<!-- Generated by org.testng.reporters.JUnitReportReporter -->
<testsuite hostname="Pavan" failures="0" tests="1" name="com.mystore.testcases.LoginPageTest" time="8.593" errors="0" timestamp="2025-03-07T16:17:57 IST" skipped="0">
  <testcase classname="com.mystore.testcases.LoginPageTest" name="loginTest" time="8.593"/>
</testsuite> <!-- com.mystore.testcases.LoginPageTest -->
