<?xml version="1.0" encoding="UTF-8"?>
<!-- Generated by org.testng.reporters.JUnitReportReporter -->
<testsuite hostname="Pavan" failures="0" tests="2" name="com.mystore.testcases.HomePageTest" time="15.041" errors="0" timestamp="2025-03-07T16:17:57 IST" skipped="0">
  <testcase classname="com.mystore.testcases.HomePageTest" name="orderHistoryAndDetailsTest" time="7.662"/>
  <testcase classname="com.mystore.testcases.HomePageTest" name="AddressListTest" time="7.379"/>
</testsuite> <!-- com.mystore.testcases.HomePageTest -->
