<?xml version="1.0" encoding="UTF-8"?>
<!-- Generated by org.testng.reporters.JUnitReportReporter -->
<testsuite hostname="Pavan" failures="0" tests="1" name="com.mystore.testcases.OrderPageTest" time="13.133" errors="0" timestamp="2025-03-07T16:17:57 IST" skipped="0">
  <testcase classname="com.mystore.testcases.OrderPageTest" name="verifyTotalPrice" time="13.133"/>
</testsuite> <!-- com.mystore.testcases.OrderPageTest -->
