<?xml version="1.0" encoding="UTF-8"?>
<!-- Generated by org.testng.reporters.JUnitReportReporter -->
<testsuite hostname="Pavan" failures="0" tests="2" name="com.mystore.testcases.IndexPageTest" time="11.914" errors="0" timestamp="2025-03-07T16:17:57 IST" skipped="0">
  <testcase classname="com.mystore.testcases.IndexPageTest" name="verifyLogo" time="5.554"/>
  <testcase classname="com.mystore.testcases.IndexPageTest" name="verifyTitle" time="6.360"/>
</testsuite> <!-- com.mystore.testcases.IndexPageTest -->
